# JRE version: Java(TM) SE Runtime Environment (8.0_261-b12) (build 1.8.0_261-b12)
# Java VM: Java HotSpot(TM) 64-Bit Server VM (25.261-b12 mixed mode windows-amd64 compressed oops)
Heap:
 PSYoungGen      total 292352K, used 101999K [0x00000000d6380000, 0x00000000e9700000, 0x0000000100000000)
  eden space 272896K, 37% used [0x00000000d6380000,0x00000000dc71bdb8,0x00000000e6e00000)
  from space 19456K, 0% used [0x00000000e8200000,0x00000000e8200000,0x00000000e9500000)
  to   space 20480K, 0% used [0x00000000e6e00000,0x00000000e6e00000,0x00000000e8200000)
 ParOldGen       total 108544K, used 26716K [0x0000000082a00000, 0x0000000089400000, 0x00000000d6380000)
  object space 108544K, 24% used [0x0000000082a00000,0x0000000084417180,0x0000000089400000)
 Metaspace       used 61207K, capacity 64370K, committed 64600K, reserved 1105920K
  class space    used 8016K, capacity 8537K, committed 8576K, reserved 1048576K
GC Heap History (10 events):
Event: 7.001 GC heap before
{Heap before GC invocations=9 (full 1):
 PSYoungGen      total 141312K, used 111815K [0x00000000d6380000, 0x00000000e4780000, 0x0000000100000000)
  eden space 130560K, 77% used [0x00000000d6380000,0x00000000dc672220,0x00000000de300000)
  from space 10752K, 97% used [0x00000000de300000,0x00000000ded3fa18,0x00000000ded80000)
  to   space 12288K, 0% used [0x00000000e3b80000,0x00000000e3b80000,0x00000000e4780000)
 ParOldGen       total 56832K, used 8392K [0x0000000082a00000, 0x0000000086180000, 0x00000000d6380000)
  object space 56832K, 14% used [0x0000000082a00000,0x0000000083232058,0x0000000086180000)
 Metaspace       used 33456K, capacity 35328K, committed 35456K, reserved 1079296K
  class space    used 4338K, capacity 4708K, committed 4736K, reserved 1048576K
Event: 7.009 GC heap after
Heap after GC invocations=9 (full 1):
 PSYoungGen      total 212480K, used 12202K [0x00000000d6380000, 0x00000000e4780000, 0x0000000100000000)
  eden space 200192K, 0% used [0x00000000d6380000,0x00000000d6380000,0x00000000e2700000)
  from space 12288K, 99% used [0x00000000e3b80000,0x00000000e476ab78,0x00000000e4780000)
  to   space 13824K, 0% used [0x00000000e2c80000,0x00000000e2c80000,0x00000000e3a00000)
 ParOldGen       total 56832K, used 8472K [0x0000000082a00000, 0x0000000086180000, 0x00000000d6380000)
  object space 56832K, 14% used [0x0000000082a00000,0x0000000083246068,0x0000000086180000)
 Metaspace       used 33456K, capacity 35328K, committed 35456K, reserved 1079296K
  class space    used 4338K, capacity 4708K, committed 4736K, reserved 1048576K
}
Event: 7.009 GC heap before
{Heap before GC invocations=10 (full 2):
 PSYoungGen      total 212480K, used 12202K [0x00000000d6380000, 0x00000000e4780000, 0x0000000100000000)
  eden space 200192K, 0% used [0x00000000d6380000,0x00000000d6380000,0x00000000e2700000)
  from space 12288K, 99% used [0x00000000e3b80000,0x00000000e476ab78,0x00000000e4780000)
  to   space 13824K, 0% used [0x00000000e2c80000,0x00000000e2c80000,0x00000000e3a00000)
 ParOldGen       total 56832K, used 8472K [0x0000000082a00000, 0x0000000086180000, 0x00000000d6380000)
  object space 56832K, 14% used [0x0000000082a00000,0x0000000083246068,0x0000000086180000)
 Metaspace       used 33456K, capacity 35328K, committed 35456K, reserved 1079296K
  class space    used 4338K, capacity 4708K, committed 4736K, reserved 1048576K
Event: 7.042 GC heap after
Heap after GC invocations=10 (full 2):
 PSYoungGen      total 212480K, used 0K [0x00000000d6380000, 0x00000000e4780000, 0x0000000100000000)
  eden space 200192K, 0% used [0x00000000d6380000,0x00000000d6380000,0x00000000e2700000)
  from space 12288K, 0% used [0x00000000e3b80000,0x00000000e3b80000,0x00000000e4780000)
  to   space 13824K, 0% used [0x00000000e2c80000,0x00000000e2c80000,0x00000000e3a00000)
 ParOldGen       total 81920K, used 18170K [0x0000000082a00000, 0x0000000087a00000, 0x00000000d6380000)
  object space 81920K, 22% used [0x0000000082a00000,0x0000000083bbe808,0x0000000087a00000)
 Metaspace       used 33456K, capacity 35328K, committed 35456K, reserved 1079296K
  class space    used 4338K, capacity 4708K, committed 4736K, reserved 1048576K
}
Event: 8.383 GC heap before
{Heap before GC invocations=11 (full 2):
 PSYoungGen      total 212480K, used 200192K [0x00000000d6380000, 0x00000000e4780000, 0x0000000100000000)
  eden space 200192K, 100% used [0x00000000d6380000,0x00000000e2700000,0x00000000e2700000)
  from space 12288K, 0% used [0x00000000e3b80000,0x00000000e3b80000,0x00000000e4780000)
  to   space 13824K, 0% used [0x00000000e2c80000,0x00000000e2c80000,0x00000000e3a00000)
 ParOldGen       total 81920K, used 18170K [0x0000000082a00000, 0x0000000087a00000, 0x00000000d6380000)
  object space 81920K, 22% used [0x0000000082a00000,0x0000000083bbe808,0x0000000087a00000)
 Metaspace       used 51226K, capacity 53844K, committed 54144K, reserved 1095680K
  class space    used 7022K, capacity 7493K, committed 7552K, reserved 1048576K
Event: 8.401 GC heap after
Heap after GC invocations=11 (full 2):
 PSYoungGen      total 219648K, used 13811K [0x00000000d6380000, 0x00000000e9500000, 0x0000000100000000)
  eden space 205824K, 0% used [0x00000000d6380000,0x00000000d6380000,0x00000000e2c80000)
  from space 13824K, 99% used [0x00000000e2c80000,0x00000000e39fce28,0x00000000e3a00000)
  to   space 19456K, 0% used [0x00000000e8200000,0x00000000e8200000,0x00000000e9500000)
 ParOldGen       total 81920K, used 27207K [0x0000000082a00000, 0x0000000087a00000, 0x00000000d6380000)
  object space 81920K, 33% used [0x0000000082a00000,0x0000000084491e20,0x0000000087a00000)
 Metaspace       used 51226K, capacity 53844K, committed 54144K, reserved 1095680K
  class space    used 7022K, capacity 7493K, committed 7552K, reserved 1048576K
}
Event: 25.948 GC heap before
{Heap before GC invocations=12 (full 2):
 PSYoungGen      total 219648K, used 83545K [0x00000000d6380000, 0x00000000e9500000, 0x0000000100000000)
  eden space 205824K, 33% used [0x00000000d6380000,0x00000000da799910,0x00000000e2c80000)
  from space 13824K, 99% used [0x00000000e2c80000,0x00000000e39fce28,0x00000000e3a00000)
  to   space 19456K, 0% used [0x00000000e8200000,0x00000000e8200000,0x00000000e9500000)
 ParOldGen       total 81920K, used 27207K [0x0000000082a00000, 0x0000000087a00000, 0x00000000d6380000)
  object space 81920K, 33% used [0x0000000082a00000,0x0000000084491e20,0x0000000087a00000)
 Metaspace       used 55964K, capacity 59026K, committed 59096K, reserved 1099776K
  class space    used 7604K, capacity 8146K, committed 8192K, reserved 1048576K
Event: 25.967 GC heap after
Heap after GC invocations=12 (full 2):
 PSYoungGen      total 292352K, used 14646K [0x00000000d6380000, 0x00000000e9700000, 0x0000000100000000)
  eden space 272896K, 0% used [0x00000000d6380000,0x00000000d6380000,0x00000000e6e00000)
  from space 19456K, 75% used [0x00000000e8200000,0x00000000e904dac8,0x00000000e9500000)
  to   space 20480K, 0% used [0x00000000e6e00000,0x00000000e6e00000,0x00000000e8200000)
 ParOldGen       total 81920K, used 27215K [0x0000000082a00000, 0x0000000087a00000, 0x00000000d6380000)
  object space 81920K, 33% used [0x0000000082a00000,0x0000000084493e20,0x0000000087a00000)
 Metaspace       used 55964K, capacity 59026K, committed 59096K, reserved 1099776K
  class space    used 7604K, capacity 8146K, committed 8192K, reserved 1048576K
}
Event: 25.967 GC heap before
{Heap before GC invocations=13 (full 3):
 PSYoungGen      total 292352K, used 14646K [0x00000000d6380000, 0x00000000e9700000, 0x0000000100000000)
  eden space 272896K, 0% used [0x00000000d6380000,0x00000000d6380000,0x00000000e6e00000)
  from space 19456K, 75% used [0x00000000e8200000,0x00000000e904dac8,0x00000000e9500000)
  to   space 20480K, 0% used [0x00000000e6e00000,0x00000000e6e00000,0x00000000e8200000)
 ParOldGen       total 81920K, used 27215K [0x0000000082a00000, 0x0000000087a00000, 0x00000000d6380000)
  object space 81920K, 33% used [0x0000000082a00000,0x0000000084493e20,0x0000000087a00000)
 Metaspace       used 55964K, capacity 59026K, committed 59096K, reserved 1099776K
  class space    used 7604K, capacity 8146K, committed 8192K, reserved 1048576K
Event: 26.088 GC heap after
Heap after GC invocations=13 (full 3):
 PSYoungGen      total 292352K, used 0K [0x00000000d6380000, 0x00000000e9700000, 0x0000000100000000)
  eden space 272896K, 0% used [0x00000000d6380000,0x00000000d6380000,0x00000000e6e00000)
  from space 19456K, 0% used [0x00000000e8200000,0x00000000e8200000,0x00000000e9500000)
  to   space 20480K, 0% used [0x00000000e6e00000,0x00000000e6e00000,0x00000000e8200000)
 ParOldGen       total 108544K, used 26716K [0x0000000082a00000, 0x0000000089400000, 0x00000000d6380000)
  object space 108544K, 24% used [0x0000000082a00000,0x0000000084417180,0x0000000089400000)
 Metaspace       used 55964K, capacity 59026K, committed 59096K, reserved 1099776K
  class space    used 7604K, capacity 8146K, committed 8192K, reserved 1048576K
}

