# JRE version: Java(TM) SE Runtime Environment (8.0_261-b12) (build 1.8.0_261-b12)
# Java VM: Java HotSpot(TM) 64-Bit Server VM (25.261-b12 mixed mode windows-amd64 compressed oops)
Heap:
 PSYoungGen      total 319488K, used 100103K [0x00000000d6380000, 0x00000000eb080000, 0x0000000100000000)
  eden space 300032K, 33% used [0x00000000d6380000,0x00000000dc541d50,0x00000000e8880000)
  from space 19456K, 0% used [0x00000000e9d00000,0x00000000e9d00000,0x00000000eb000000)
  to   space 20480K, 0% used [0x00000000e8880000,0x00000000e8880000,0x00000000e9c80000)
 ParOldGen       total 97792K, used 26472K [0x0000000082a00000, 0x0000000088980000, 0x00000000d6380000)
  object space 97792K, 27% used [0x0000000082a00000,0x00000000843da348,0x0000000088980000)
 Metaspace       used 61265K, capacity 64352K, committed 64600K, reserved 1105920K
  class space    used 8017K, capacity 8534K, committed 8576K, reserved 1048576K
GC Heap History (10 events):
Event: 6.536 GC heap before
{Heap before GC invocations=9 (full 1):
 PSYoungGen      total 141312K, used 113909K [0x00000000d6380000, 0x00000000e5380000, 0x0000000100000000)
  eden space 130560K, 79% used [0x00000000d6380000,0x00000000dc89ef58,0x00000000de300000)
  from space 10752K, 96% used [0x00000000de300000,0x00000000ded1e540,0x00000000ded80000)
  to   space 12288K, 0% used [0x00000000e4780000,0x00000000e4780000,0x00000000e5380000)
 ParOldGen       total 53760K, used 8391K [0x0000000082a00000, 0x0000000085e80000, 0x00000000d6380000)
  object space 53760K, 15% used [0x0000000082a00000,0x0000000083231df0,0x0000000085e80000)
 Metaspace       used 33454K, capacity 35340K, committed 35456K, reserved 1079296K
  class space    used 4352K, capacity 4736K, committed 4736K, reserved 1048576K
Event: 6.544 GC heap after
Heap after GC invocations=9 (full 1):
 PSYoungGen      total 225792K, used 12090K [0x00000000d6380000, 0x00000000e5380000, 0x0000000100000000)
  eden space 213504K, 0% used [0x00000000d6380000,0x00000000d6380000,0x00000000e3400000)
  from space 12288K, 98% used [0x00000000e4780000,0x00000000e534e9b0,0x00000000e5380000)
  to   space 13824K, 0% used [0x00000000e3880000,0x00000000e3880000,0x00000000e4600000)
 ParOldGen       total 53760K, used 8463K [0x0000000082a00000, 0x0000000085e80000, 0x00000000d6380000)
  object space 53760K, 15% used [0x0000000082a00000,0x0000000083243e00,0x0000000085e80000)
 Metaspace       used 33454K, capacity 35340K, committed 35456K, reserved 1079296K
  class space    used 4352K, capacity 4736K, committed 4736K, reserved 1048576K
}
Event: 6.545 GC heap before
{Heap before GC invocations=10 (full 2):
 PSYoungGen      total 225792K, used 12090K [0x00000000d6380000, 0x00000000e5380000, 0x0000000100000000)
  eden space 213504K, 0% used [0x00000000d6380000,0x00000000d6380000,0x00000000e3400000)
  from space 12288K, 98% used [0x00000000e4780000,0x00000000e534e9b0,0x00000000e5380000)
  to   space 13824K, 0% used [0x00000000e3880000,0x00000000e3880000,0x00000000e4600000)
 ParOldGen       total 53760K, used 8463K [0x0000000082a00000, 0x0000000085e80000, 0x00000000d6380000)
  object space 53760K, 15% used [0x0000000082a00000,0x0000000083243e00,0x0000000085e80000)
 Metaspace       used 33454K, capacity 35340K, committed 35456K, reserved 1079296K
  class space    used 4352K, capacity 4736K, committed 4736K, reserved 1048576K
Event: 6.577 GC heap after
Heap after GC invocations=10 (full 2):
 PSYoungGen      total 225792K, used 0K [0x00000000d6380000, 0x00000000e5380000, 0x0000000100000000)
  eden space 213504K, 0% used [0x00000000d6380000,0x00000000d6380000,0x00000000e3400000)
  from space 12288K, 0% used [0x00000000e4780000,0x00000000e4780000,0x00000000e5380000)
  to   space 13824K, 0% used [0x00000000e3880000,0x00000000e3880000,0x00000000e4600000)
 ParOldGen       total 74752K, used 17926K [0x0000000082a00000, 0x0000000087300000, 0x00000000d6380000)
  object space 74752K, 23% used [0x0000000082a00000,0x0000000083b81bc0,0x0000000087300000)
 Metaspace       used 33454K, capacity 35340K, committed 35456K, reserved 1079296K
  class space    used 4352K, capacity 4736K, committed 4736K, reserved 1048576K
}
Event: 8.036 GC heap before
{Heap before GC invocations=11 (full 2):
 PSYoungGen      total 225792K, used 213504K [0x00000000d6380000, 0x00000000e5380000, 0x0000000100000000)
  eden space 213504K, 100% used [0x00000000d6380000,0x00000000e3400000,0x00000000e3400000)
  from space 12288K, 0% used [0x00000000e4780000,0x00000000e4780000,0x00000000e5380000)
  to   space 13824K, 0% used [0x00000000e3880000,0x00000000e3880000,0x00000000e4600000)
 ParOldGen       total 74752K, used 17926K [0x0000000082a00000, 0x0000000087300000, 0x00000000d6380000)
  object space 74752K, 23% used [0x0000000082a00000,0x0000000083b81bc0,0x0000000087300000)
 Metaspace       used 51633K, capacity 54600K, committed 54784K, reserved 1095680K
  class space    used 7088K, capacity 7605K, committed 7680K, reserved 1048576K
Event: 8.055 GC heap after
Heap after GC invocations=11 (full 2):
 PSYoungGen      total 231936K, used 13807K [0x00000000d6380000, 0x00000000eb000000, 0x0000000100000000)
  eden space 218112K, 0% used [0x00000000d6380000,0x00000000d6380000,0x00000000e3880000)
  from space 13824K, 99% used [0x00000000e3880000,0x00000000e45fbfc0,0x00000000e4600000)
  to   space 19456K, 0% used [0x00000000e9d00000,0x00000000e9d00000,0x00000000eb000000)
 ParOldGen       total 74752K, used 27440K [0x0000000082a00000, 0x0000000087300000, 0x00000000d6380000)
  object space 74752K, 36% used [0x0000000082a00000,0x00000000844cc0e0,0x0000000087300000)
 Metaspace       used 51633K, capacity 54600K, committed 54784K, reserved 1095680K
  class space    used 7088K, capacity 7605K, committed 7680K, reserved 1048576K
}
Event: 22.616 GC heap before
{Heap before GC invocations=12 (full 2):
 PSYoungGen      total 231936K, used 76244K [0x00000000d6380000, 0x00000000eb000000, 0x0000000100000000)
  eden space 218112K, 28% used [0x00000000d6380000,0x00000000da079330,0x00000000e3880000)
  from space 13824K, 99% used [0x00000000e3880000,0x00000000e45fbfc0,0x00000000e4600000)
  to   space 19456K, 0% used [0x00000000e9d00000,0x00000000e9d00000,0x00000000eb000000)
 ParOldGen       total 74752K, used 27440K [0x0000000082a00000, 0x0000000087300000, 0x00000000d6380000)
  object space 74752K, 36% used [0x0000000082a00000,0x00000000844cc0e0,0x0000000087300000)
 Metaspace       used 55938K, capacity 58976K, committed 59096K, reserved 1099776K
  class space    used 7587K, capacity 8111K, committed 8192K, reserved 1048576K
Event: 22.631 GC heap after
Heap after GC invocations=12 (full 2):
 PSYoungGen      total 319488K, used 14362K [0x00000000d6380000, 0x00000000eb080000, 0x0000000100000000)
  eden space 300032K, 0% used [0x00000000d6380000,0x00000000d6380000,0x00000000e8880000)
  from space 19456K, 73% used [0x00000000e9d00000,0x00000000eab06940,0x00000000eb000000)
  to   space 20480K, 0% used [0x00000000e8880000,0x00000000e8880000,0x00000000e9c80000)
 ParOldGen       total 74752K, used 27448K [0x0000000082a00000, 0x0000000087300000, 0x00000000d6380000)
  object space 74752K, 36% used [0x0000000082a00000,0x00000000844ce0e0,0x0000000087300000)
 Metaspace       used 55938K, capacity 58976K, committed 59096K, reserved 1099776K
  class space    used 7587K, capacity 8111K, committed 8192K, reserved 1048576K
}
Event: 22.631 GC heap before
{Heap before GC invocations=13 (full 3):
 PSYoungGen      total 319488K, used 14362K [0x00000000d6380000, 0x00000000eb080000, 0x0000000100000000)
  eden space 300032K, 0% used [0x00000000d6380000,0x00000000d6380000,0x00000000e8880000)
  from space 19456K, 73% used [0x00000000e9d00000,0x00000000eab06940,0x00000000eb000000)
  to   space 20480K, 0% used [0x00000000e8880000,0x00000000e8880000,0x00000000e9c80000)
 ParOldGen       total 74752K, used 27448K [0x0000000082a00000, 0x0000000087300000, 0x00000000d6380000)
  object space 74752K, 36% used [0x0000000082a00000,0x00000000844ce0e0,0x0000000087300000)
 Metaspace       used 55938K, capacity 58976K, committed 59096K, reserved 1099776K
  class space    used 7587K, capacity 8111K, committed 8192K, reserved 1048576K
Event: 22.752 GC heap after
Heap after GC invocations=13 (full 3):
 PSYoungGen      total 319488K, used 0K [0x00000000d6380000, 0x00000000eb080000, 0x0000000100000000)
  eden space 300032K, 0% used [0x00000000d6380000,0x00000000d6380000,0x00000000e8880000)
  from space 19456K, 0% used [0x00000000e9d00000,0x00000000e9d00000,0x00000000eb000000)
  to   space 20480K, 0% used [0x00000000e8880000,0x00000000e8880000,0x00000000e9c80000)
 ParOldGen       total 97792K, used 26472K [0x0000000082a00000, 0x0000000088980000, 0x00000000d6380000)
  object space 97792K, 27% used [0x0000000082a00000,0x00000000843da348,0x0000000088980000)
 Metaspace       used 55938K, capacity 58976K, committed 59096K, reserved 1099776K
  class space    used 7587K, capacity 8111K, committed 8192K, reserved 1048576K
}

