# JRE version: Java(TM) SE Runtime Environment (8.0_261-b12) (build 1.8.0_261-b12)
# Java VM: Java HotSpot(TM) 64-Bit Server VM (25.261-b12 mixed mode windows-amd64 compressed oops)
Heap:
 PSYoungGen      total 313344K, used 110394K [0x00000000d6380000, 0x00000000eaa80000, 0x0000000100000000)
  eden space 293888K, 37% used [0x00000000d6380000,0x00000000dcf4eab8,0x00000000e8280000)
  from space 19456K, 0% used [0x00000000e9700000,0x00000000e9700000,0x00000000eaa00000)
  to   space 20480K, 0% used [0x00000000e8280000,0x00000000e8280000,0x00000000e9680000)
 ParOldGen       total 102400K, used 26437K [0x0000000082a00000, 0x0000000088e00000, 0x00000000d6380000)
  object space 102400K, 25% used [0x0000000082a00000,0x00000000843d15e8,0x0000000088e00000)
 Metaspace       used 61302K, capacity 64364K, committed 64600K, reserved 1105920K
  class space    used 8023K, capacity 8534K, committed 8576K, reserved 1048576K
GC Heap History (10 events):
Event: 6.442 GC heap before
{Heap before GC invocations=9 (full 1):
 PSYoungGen      total 141312K, used 109646K [0x00000000d6380000, 0x00000000e5280000, 0x0000000100000000)
  eden space 130560K, 75% used [0x00000000d6380000,0x00000000dc454ec8,0x00000000de300000)
  from space 10752K, 97% used [0x00000000de300000,0x00000000ded3ea80,0x00000000ded80000)
  to   space 12288K, 0% used [0x00000000e4680000,0x00000000e4680000,0x00000000e5280000)
 ParOldGen       total 54272K, used 8429K [0x0000000082a00000, 0x0000000085f00000, 0x00000000d6380000)
  object space 54272K, 15% used [0x0000000082a00000,0x000000008323b620,0x0000000085f00000)
 Metaspace       used 33515K, capacity 35344K, committed 35456K, reserved 1079296K
  class space    used 4356K, capacity 4736K, committed 4736K, reserved 1048576K
Event: 6.452 GC heap after
Heap after GC invocations=9 (full 1):
 PSYoungGen      total 224256K, used 11966K [0x00000000d6380000, 0x00000000e5280000, 0x0000000100000000)
  eden space 211968K, 0% used [0x00000000d6380000,0x00000000d6380000,0x00000000e3280000)
  from space 12288K, 97% used [0x00000000e4680000,0x00000000e522fa50,0x00000000e5280000)
  to   space 13824K, 0% used [0x00000000e3780000,0x00000000e3780000,0x00000000e4500000)
 ParOldGen       total 54272K, used 8501K [0x0000000082a00000, 0x0000000085f00000, 0x00000000d6380000)
  object space 54272K, 15% used [0x0000000082a00000,0x000000008324d630,0x0000000085f00000)
 Metaspace       used 33515K, capacity 35344K, committed 35456K, reserved 1079296K
  class space    used 4356K, capacity 4736K, committed 4736K, reserved 1048576K
}
Event: 6.452 GC heap before
{Heap before GC invocations=10 (full 2):
 PSYoungGen      total 224256K, used 11966K [0x00000000d6380000, 0x00000000e5280000, 0x0000000100000000)
  eden space 211968K, 0% used [0x00000000d6380000,0x00000000d6380000,0x00000000e3280000)
  from space 12288K, 97% used [0x00000000e4680000,0x00000000e522fa50,0x00000000e5280000)
  to   space 13824K, 0% used [0x00000000e3780000,0x00000000e3780000,0x00000000e4500000)
 ParOldGen       total 54272K, used 8501K [0x0000000082a00000, 0x0000000085f00000, 0x00000000d6380000)
  object space 54272K, 15% used [0x0000000082a00000,0x000000008324d630,0x0000000085f00000)
 Metaspace       used 33515K, capacity 35344K, committed 35456K, reserved 1079296K
  class space    used 4356K, capacity 4736K, committed 4736K, reserved 1048576K
Event: 6.496 GC heap after
Heap after GC invocations=10 (full 2):
 PSYoungGen      total 224256K, used 0K [0x00000000d6380000, 0x00000000e5280000, 0x0000000100000000)
  eden space 211968K, 0% used [0x00000000d6380000,0x00000000d6380000,0x00000000e3280000)
  from space 12288K, 0% used [0x00000000e4680000,0x00000000e4680000,0x00000000e5280000)
  to   space 13824K, 0% used [0x00000000e3780000,0x00000000e3780000,0x00000000e4500000)
 ParOldGen       total 77312K, used 17952K [0x0000000082a00000, 0x0000000087580000, 0x00000000d6380000)
  object space 77312K, 23% used [0x0000000082a00000,0x0000000083b88060,0x0000000087580000)
 Metaspace       used 33515K, capacity 35344K, committed 35456K, reserved 1079296K
  class space    used 4356K, capacity 4736K, committed 4736K, reserved 1048576K
}
Event: 7.941 GC heap before
{Heap before GC invocations=11 (full 2):
 PSYoungGen      total 224256K, used 211968K [0x00000000d6380000, 0x00000000e5280000, 0x0000000100000000)
  eden space 211968K, 100% used [0x00000000d6380000,0x00000000e3280000,0x00000000e3280000)
  from space 12288K, 0% used [0x00000000e4680000,0x00000000e4680000,0x00000000e5280000)
  to   space 13824K, 0% used [0x00000000e3780000,0x00000000e3780000,0x00000000e4500000)
 ParOldGen       total 77312K, used 17952K [0x0000000082a00000, 0x0000000087580000, 0x00000000d6380000)
  object space 77312K, 23% used [0x0000000082a00000,0x0000000083b88060,0x0000000087580000)
 Metaspace       used 51659K, capacity 54618K, committed 54784K, reserved 1095680K
  class space    used 7095K, capacity 7606K, committed 7680K, reserved 1048576K
Event: 7.961 GC heap after
Heap after GC invocations=11 (full 2):
 PSYoungGen      total 230912K, used 13816K [0x00000000d6380000, 0x00000000eaa00000, 0x0000000100000000)
  eden space 217088K, 0% used [0x00000000d6380000,0x00000000d6380000,0x00000000e3780000)
  from space 13824K, 99% used [0x00000000e3780000,0x00000000e44fe2f8,0x00000000e4500000)
  to   space 19456K, 0% used [0x00000000e9700000,0x00000000e9700000,0x00000000eaa00000)
 ParOldGen       total 77312K, used 27370K [0x0000000082a00000, 0x0000000087580000, 0x00000000d6380000)
  object space 77312K, 35% used [0x0000000082a00000,0x00000000844ba950,0x0000000087580000)
 Metaspace       used 51659K, capacity 54618K, committed 54784K, reserved 1095680K
  class space    used 7095K, capacity 7606K, committed 7680K, reserved 1048576K
}
Event: 22.925 GC heap before
{Heap before GC invocations=12 (full 2):
 PSYoungGen      total 230912K, used 74821K [0x00000000d6380000, 0x00000000eaa00000, 0x0000000100000000)
  eden space 217088K, 28% used [0x00000000d6380000,0x00000000d9f131c8,0x00000000e3780000)
  from space 13824K, 99% used [0x00000000e3780000,0x00000000e44fe2f8,0x00000000e4500000)
  to   space 19456K, 0% used [0x00000000e9700000,0x00000000e9700000,0x00000000eaa00000)
 ParOldGen       total 77312K, used 27370K [0x0000000082a00000, 0x0000000087580000, 0x00000000d6380000)
  object space 77312K, 35% used [0x0000000082a00000,0x00000000844ba950,0x0000000087580000)
 Metaspace       used 55931K, capacity 58988K, committed 59096K, reserved 1099776K
  class space    used 7589K, capacity 8111K, committed 8192K, reserved 1048576K
Event: 22.935 GC heap after
Heap after GC invocations=12 (full 2):
 PSYoungGen      total 313344K, used 14286K [0x00000000d6380000, 0x00000000eaa80000, 0x0000000100000000)
  eden space 293888K, 0% used [0x00000000d6380000,0x00000000d6380000,0x00000000e8280000)
  from space 19456K, 73% used [0x00000000e9700000,0x00000000ea4f3a28,0x00000000eaa00000)
  to   space 20480K, 0% used [0x00000000e8280000,0x00000000e8280000,0x00000000e9680000)
 ParOldGen       total 77312K, used 27378K [0x0000000082a00000, 0x0000000087580000, 0x00000000d6380000)
  object space 77312K, 35% used [0x0000000082a00000,0x00000000844bc950,0x0000000087580000)
 Metaspace       used 55931K, capacity 58988K, committed 59096K, reserved 1099776K
  class space    used 7589K, capacity 8111K, committed 8192K, reserved 1048576K
}
Event: 22.935 GC heap before
{Heap before GC invocations=13 (full 3):
 PSYoungGen      total 313344K, used 14286K [0x00000000d6380000, 0x00000000eaa80000, 0x0000000100000000)
  eden space 293888K, 0% used [0x00000000d6380000,0x00000000d6380000,0x00000000e8280000)
  from space 19456K, 73% used [0x00000000e9700000,0x00000000ea4f3a28,0x00000000eaa00000)
  to   space 20480K, 0% used [0x00000000e8280000,0x00000000e8280000,0x00000000e9680000)
 ParOldGen       total 77312K, used 27378K [0x0000000082a00000, 0x0000000087580000, 0x00000000d6380000)
  object space 77312K, 35% used [0x0000000082a00000,0x00000000844bc950,0x0000000087580000)
 Metaspace       used 55931K, capacity 58988K, committed 59096K, reserved 1099776K
  class space    used 7589K, capacity 8111K, committed 8192K, reserved 1048576K
Event: 23.055 GC heap after
Heap after GC invocations=13 (full 3):
 PSYoungGen      total 313344K, used 0K [0x00000000d6380000, 0x00000000eaa80000, 0x0000000100000000)
  eden space 293888K, 0% used [0x00000000d6380000,0x00000000d6380000,0x00000000e8280000)
  from space 19456K, 0% used [0x00000000e9700000,0x00000000e9700000,0x00000000eaa00000)
  to   space 20480K, 0% used [0x00000000e8280000,0x00000000e8280000,0x00000000e9680000)
 ParOldGen       total 102400K, used 26437K [0x0000000082a00000, 0x0000000088e00000, 0x00000000d6380000)
  object space 102400K, 25% used [0x0000000082a00000,0x00000000843d15e8,0x0000000088e00000)
 Metaspace       used 55931K, capacity 58988K, committed 59096K, reserved 1099776K
  class space    used 7589K, capacity 8111K, committed 8192K, reserved 1048576K
}

