# JRE version: Java(TM) SE Runtime Environment (8.0_261-b12) (build 1.8.0_261-b12)
# Java VM: Java HotSpot(TM) 64-Bit Server VM (25.261-b12 mixed mode windows-amd64 compressed oops)
Heap:
 PSYoungGen      total 331776K, used 91272K [0x00000000d6380000, 0x00000000ec400000, 0x0000000100000000)
  eden space 311808K, 29% used [0x00000000d6380000,0x00000000dbca2278,0x00000000e9400000)
  from space 19968K, 0% used [0x00000000ea800000,0x00000000ea800000,0x00000000ebb80000)
  to   space 20480K, 0% used [0x00000000e9400000,0x00000000e9400000,0x00000000ea800000)
 ParOldGen       total 91648K, used 25619K [0x0000000082a00000, 0x0000000088380000, 0x00000000d6380000)
  object space 91648K, 27% used [0x0000000082a00000,0x0000000084304d38,0x0000000088380000)
 Metaspace       used 60933K, capacity 64010K, committed 64384K, reserved 1105920K
  class space    used 7988K, capacity 8503K, committed 8576K, reserved 1048576K
GC Heap History (10 events):
Event: 6.377 GC heap before
{Heap before GC invocations=9 (full 1):
 PSYoungGen      total 141312K, used 111430K [0x00000000d6380000, 0x00000000e5980000, 0x0000000100000000)
  eden space 130560K, 77% used [0x00000000d6380000,0x00000000dc613cf8,0x00000000de300000)
  from space 10752K, 97% used [0x00000000de300000,0x00000000ded3de40,0x00000000ded80000)
  to   space 12288K, 0% used [0x00000000e4d80000,0x00000000e4d80000,0x00000000e5980000)
 ParOldGen       total 52736K, used 8359K [0x0000000082a00000, 0x0000000085d80000, 0x00000000d6380000)
  object space 52736K, 15% used [0x0000000082a00000,0x0000000083229e90,0x0000000085d80000)
 Metaspace       used 33447K, capacity 35332K, committed 35456K, reserved 1079296K
  class space    used 4328K, capacity 4708K, committed 4736K, reserved 1048576K
Event: 6.386 GC heap after
Heap after GC invocations=9 (full 1):
 PSYoungGen      total 232448K, used 12181K [0x00000000d6380000, 0x00000000e5980000, 0x0000000100000000)
  eden space 220160K, 0% used [0x00000000d6380000,0x00000000d6380000,0x00000000e3a80000)
  from space 12288K, 99% used [0x00000000e4d80000,0x00000000e5965790,0x00000000e5980000)
  to   space 13824K, 0% used [0x00000000e3e80000,0x00000000e3e80000,0x00000000e4c00000)
 ParOldGen       total 52736K, used 8431K [0x0000000082a00000, 0x0000000085d80000, 0x00000000d6380000)
  object space 52736K, 15% used [0x0000000082a00000,0x000000008323bea0,0x0000000085d80000)
 Metaspace       used 33447K, capacity 35332K, committed 35456K, reserved 1079296K
  class space    used 4328K, capacity 4708K, committed 4736K, reserved 1048576K
}
Event: 6.386 GC heap before
{Heap before GC invocations=10 (full 2):
 PSYoungGen      total 232448K, used 12181K [0x00000000d6380000, 0x00000000e5980000, 0x0000000100000000)
  eden space 220160K, 0% used [0x00000000d6380000,0x00000000d6380000,0x00000000e3a80000)
  from space 12288K, 99% used [0x00000000e4d80000,0x00000000e5965790,0x00000000e5980000)
  to   space 13824K, 0% used [0x00000000e3e80000,0x00000000e3e80000,0x00000000e4c00000)
 ParOldGen       total 52736K, used 8431K [0x0000000082a00000, 0x0000000085d80000, 0x00000000d6380000)
  object space 52736K, 15% used [0x0000000082a00000,0x000000008323bea0,0x0000000085d80000)
 Metaspace       used 33447K, capacity 35332K, committed 35456K, reserved 1079296K
  class space    used 4328K, capacity 4708K, committed 4736K, reserved 1048576K
Event: 6.424 GC heap after
Heap after GC invocations=10 (full 2):
 PSYoungGen      total 232448K, used 0K [0x00000000d6380000, 0x00000000e5980000, 0x0000000100000000)
  eden space 220160K, 0% used [0x00000000d6380000,0x00000000d6380000,0x00000000e3a80000)
  from space 12288K, 0% used [0x00000000e4d80000,0x00000000e4d80000,0x00000000e5980000)
  to   space 13824K, 0% used [0x00000000e3e80000,0x00000000e3e80000,0x00000000e4c00000)
 ParOldGen       total 72192K, used 18022K [0x0000000082a00000, 0x0000000087080000, 0x00000000d6380000)
  object space 72192K, 24% used [0x0000000082a00000,0x0000000083b998e0,0x0000000087080000)
 Metaspace       used 33447K, capacity 35332K, committed 35456K, reserved 1079296K
  class space    used 4328K, capacity 4708K, committed 4736K, reserved 1048576K
}
Event: 21.814 GC heap before
{Heap before GC invocations=11 (full 2):
 PSYoungGen      total 232448K, used 220160K [0x00000000d6380000, 0x00000000e5980000, 0x0000000100000000)
  eden space 220160K, 100% used [0x00000000d6380000,0x00000000e3a80000,0x00000000e3a80000)
  from space 12288K, 0% used [0x00000000e4d80000,0x00000000e4d80000,0x00000000e5980000)
  to   space 13824K, 0% used [0x00000000e3e80000,0x00000000e3e80000,0x00000000e4c00000)
 ParOldGen       total 72192K, used 18022K [0x0000000082a00000, 0x0000000087080000, 0x00000000d6380000)
  object space 72192K, 24% used [0x0000000082a00000,0x0000000083b998e0,0x0000000087080000)
 Metaspace       used 52415K, capacity 55344K, committed 55680K, reserved 1097728K
  class space    used 7187K, capacity 7689K, committed 7808K, reserved 1048576K
Event: 21.831 GC heap after
Heap after GC invocations=11 (full 2):
 PSYoungGen      total 238080K, used 13805K [0x00000000d6380000, 0x00000000ebb80000, 0x0000000100000000)
  eden space 224256K, 0% used [0x00000000d6380000,0x00000000d6380000,0x00000000e3e80000)
  from space 13824K, 99% used [0x00000000e3e80000,0x00000000e4bfb700,0x00000000e4c00000)
  to   space 19968K, 0% used [0x00000000ea800000,0x00000000ea800000,0x00000000ebb80000)
 ParOldGen       total 72192K, used 28112K [0x0000000082a00000, 0x0000000087080000, 0x00000000d6380000)
  object space 72192K, 38% used [0x0000000082a00000,0x00000000845740d8,0x0000000087080000)
 Metaspace       used 52415K, capacity 55344K, committed 55680K, reserved 1097728K
  class space    used 7187K, capacity 7689K, committed 7808K, reserved 1048576K
}
Event: 22.107 GC heap before
{Heap before GC invocations=12 (full 2):
 PSYoungGen      total 238080K, used 55263K [0x00000000d6380000, 0x00000000ebb80000, 0x0000000100000000)
  eden space 224256K, 18% used [0x00000000d6380000,0x00000000d8bfc838,0x00000000e3e80000)
  from space 13824K, 99% used [0x00000000e3e80000,0x00000000e4bfb700,0x00000000e4c00000)
  to   space 19968K, 0% used [0x00000000ea800000,0x00000000ea800000,0x00000000ebb80000)
 ParOldGen       total 72192K, used 28112K [0x0000000082a00000, 0x0000000087080000, 0x00000000d6380000)
  object space 72192K, 38% used [0x0000000082a00000,0x00000000845740d8,0x0000000087080000)
 Metaspace       used 55980K, capacity 59008K, committed 59096K, reserved 1099776K
  class space    used 7490K, capacity 8023K, committed 8064K, reserved 1048576K
Event: 22.117 GC heap after
Heap after GC invocations=12 (full 2):
 PSYoungGen      total 331776K, used 13404K [0x00000000d6380000, 0x00000000ec400000, 0x0000000100000000)
  eden space 311808K, 0% used [0x00000000d6380000,0x00000000d6380000,0x00000000e9400000)
  from space 19968K, 67% used [0x00000000ea800000,0x00000000eb5173e8,0x00000000ebb80000)
  to   space 20480K, 0% used [0x00000000e9400000,0x00000000e9400000,0x00000000ea800000)
 ParOldGen       total 72192K, used 28120K [0x0000000082a00000, 0x0000000087080000, 0x00000000d6380000)
  object space 72192K, 38% used [0x0000000082a00000,0x00000000845760d8,0x0000000087080000)
 Metaspace       used 55980K, capacity 59008K, committed 59096K, reserved 1099776K
  class space    used 7490K, capacity 8023K, committed 8064K, reserved 1048576K
}
Event: 22.117 GC heap before
{Heap before GC invocations=13 (full 3):
 PSYoungGen      total 331776K, used 13404K [0x00000000d6380000, 0x00000000ec400000, 0x0000000100000000)
  eden space 311808K, 0% used [0x00000000d6380000,0x00000000d6380000,0x00000000e9400000)
  from space 19968K, 67% used [0x00000000ea800000,0x00000000eb5173e8,0x00000000ebb80000)
  to   space 20480K, 0% used [0x00000000e9400000,0x00000000e9400000,0x00000000ea800000)
 ParOldGen       total 72192K, used 28120K [0x0000000082a00000, 0x0000000087080000, 0x00000000d6380000)
  object space 72192K, 38% used [0x0000000082a00000,0x00000000845760d8,0x0000000087080000)
 Metaspace       used 55980K, capacity 59008K, committed 59096K, reserved 1099776K
  class space    used 7490K, capacity 8023K, committed 8064K, reserved 1048576K
Event: 22.225 GC heap after
Heap after GC invocations=13 (full 3):
 PSYoungGen      total 331776K, used 0K [0x00000000d6380000, 0x00000000ec400000, 0x0000000100000000)
  eden space 311808K, 0% used [0x00000000d6380000,0x00000000d6380000,0x00000000e9400000)
  from space 19968K, 0% used [0x00000000ea800000,0x00000000ea800000,0x00000000ebb80000)
  to   space 20480K, 0% used [0x00000000e9400000,0x00000000e9400000,0x00000000ea800000)
 ParOldGen       total 91648K, used 25619K [0x0000000082a00000, 0x0000000088380000, 0x00000000d6380000)
  object space 91648K, 27% used [0x0000000082a00000,0x0000000084304d38,0x0000000088380000)
 Metaspace       used 55980K, capacity 59008K, committed 59096K, reserved 1099776K
  class space    used 7490K, capacity 8023K, committed 8064K, reserved 1048576K
}

